============================
Request ID: ListMerchants_20260305080556
URL: https://merchant-api.ifood.com.br/merchant/v1.0/merchants
Content: 

Request ID: ListMerchants_20260305080556
URL: https://merchant-api.ifood.com.br/merchant/v1.0/merchants
Status Code: 200
Content: [{"id":"9211a726-cdaa-43b6-b14a-1e892e830d58","name":"Teste - jonas-da-silva-azeve","corporateName":"Teste - jonas-da-silva-azeve"}]
============================
============================
Request ID: ListMerchants_20260305080556
URL: https://merchant-api.ifood.com.br/merchant/v1.0/merchants
Content: 

Request ID: ListMerchants_20260305080556
URL: https://merchant-api.ifood.com.br/merchant/v1.0/merchants
Status Code: 200
Content: [{"id":"9211a726-cdaa-43b6-b14a-1e892e830d58","name":"Teste - jonas-da-silva-azeve","corporateName":"Teste - jonas-da-silva-azeve"}]
============================
============================
Request ID: ItemV10PostItemIntegration_20260305080603
URL: https://merchant-api.ifood.com.br/item/v1.0/ingestion/EdtItemMerchantId?reset=false
Content: [{"barcode":"99999","name":"DIVERSOS","plu":"1","active":true,"details":{"categorization":{"department":"1","category":"edCategoria","subCategory":"1"},"brand":"1","volume":"1","unit":"1","imageUrl":"1","description":"","nearExpiration":false},"prices":{"price":1.0},"inventory":{"stock":1.0},"multiple":{"originalEan":"1","quantity":1},"channels":["ifood-app"]}]

Request ID: ItemV10PostItemIntegration_20260305080603
URL: https://merchant-api.ifood.com.br/item/v1.0/ingestion/EdtItemMerchantId?reset=false
Status Code: 404
Content: {"message":"no Route matched with those values"}
============================
============================
Request ID: ListMerchants_20260305085421
URL: https://merchant-api.ifood.com.br/merchant/v1.0/merchants
Content: 

Request ID: ListMerchants_20260305085421
URL: https://merchant-api.ifood.com.br/merchant/v1.0/merchants
Status Code: 200
Content: [{"id":"9211a726-cdaa-43b6-b14a-1e892e830d58","name":"Teste - jonas-da-silva-azeve","corporateName":"Teste - jonas-da-silva-azeve"}]
============================
============================
Request ID: ListMerchants_20260305085421
URL: https://merchant-api.ifood.com.br/merchant/v1.0/merchants
Content: 

Request ID: ListMerchants_20260305085421
URL: https://merchant-api.ifood.com.br/merchant/v1.0/merchants
Status Code: 200
Content: [{"id":"9211a726-cdaa-43b6-b14a-1e892e830d58","name":"Teste - jonas-da-silva-azeve","corporateName":"Teste - jonas-da-silva-azeve"}]
============================
============================
Request ID: ItemV10PostItemIntegration_20260305085433
URL: https://merchant-api.ifood.com.br/item/v1.0/ingestion/9211a726-cdaa-43b6-b14a-1e892e830d58?reset=false
Content: [{"barcode":"99999","name":"DIVERSOS","plu":"1","active":true,"details":{"categorization":{"department":"1","category":"edCategoria","subCategory":"1"},"brand":"1","volume":"1","unit":"1","imageUrl":"1","description":"","nearExpiration":false},"prices":{"price":1.0},"inventory":{"stock":1.0},"multiple":{"originalEan":"1","quantity":1},"channels":["ifood-app"]}]

Request ID: ItemV10PostItemIntegration_20260305085433
URL: https://merchant-api.ifood.com.br/item/v1.0/ingestion/9211a726-cdaa-43b6-b14a-1e892e830d58?reset=false
Status Code: 202
Content: [{"integrationUuid":["4db4cd19-bdee-4687-9a3a-1e136d92061a"]}]
============================
