============================
Request ID: ListMerchants_20260308103015
URL: https://merchant-api.ifood.com.br/merchant/v1.0/merchants
Content: 

Request ID: ListMerchants_20260308103015
URL: https://merchant-api.ifood.com.br/merchant/v1.0/merchants
Status Code: 200
Content: [{"id":"9211a726-cdaa-43b6-b14a-1e892e830d58","name":"Teste - jonas-da-silva-azeve","corporateName":"Teste - jonas-da-silva-azeve"}]
============================
============================
Request ID: ListMerchants_20260308103207
URL: https://merchant-api.ifood.com.br/merchant/v1.0/merchants
Content: 

Request ID: ListMerchants_20260308103207
URL: https://merchant-api.ifood.com.br/merchant/v1.0/merchants
Status Code: 200
Content: [{"id":"9211a726-cdaa-43b6-b14a-1e892e830d58","name":"Teste - jonas-da-silva-azeve","corporateName":"Teste - jonas-da-silva-azeve"}]
============================
============================
Request ID: ListMerchants_20260308103226
URL: https://merchant-api.ifood.com.br/merchant/v1.0/merchants
Content: 

Request ID: ListMerchants_20260308103226
URL: https://merchant-api.ifood.com.br/merchant/v1.0/merchants
Status Code: 200
Content: [{"id":"9211a726-cdaa-43b6-b14a-1e892e830d58","name":"Teste - jonas-da-silva-azeve","corporateName":"Teste - jonas-da-silva-azeve"}]
============================
============================
Request ID: ListMerchants_20260308103228
URL: https://merchant-api.ifood.com.br/merchant/v1.0/merchants
Content: 

Request ID: ListMerchants_20260308103228
URL: https://merchant-api.ifood.com.br/merchant/v1.0/merchants
Status Code: 200
Content: [{"id":"9211a726-cdaa-43b6-b14a-1e892e830d58","name":"Teste - jonas-da-silva-azeve","corporateName":"Teste - jonas-da-silva-azeve"}]
============================
============================
Request ID: ListMerchants_20260308103234
URL: https://merchant-api.ifood.com.br/merchant/v1.0/merchants
Content: 

Request ID: ListMerchants_20260308103234
URL: https://merchant-api.ifood.com.br/merchant/v1.0/merchants
Status Code: 200
Content: [{"id":"9211a726-cdaa-43b6-b14a-1e892e830d58","name":"Teste - jonas-da-silva-azeve","corporateName":"Teste - jonas-da-silva-azeve"}]
============================
============================
Request ID: ListMerchants_20260308103243
URL: https://merchant-api.ifood.com.br/merchant/v1.0/merchants
Content: 

Request ID: ListMerchants_20260308103243
URL: https://merchant-api.ifood.com.br/merchant/v1.0/merchants
Status Code: 200
Content: [{"id":"9211a726-cdaa-43b6-b14a-1e892e830d58","name":"Teste - jonas-da-silva-azeve","corporateName":"Teste - jonas-da-silva-azeve"}]
============================
============================
Request ID: ListMerchants_20260308103311
URL: https://merchant-api.ifood.com.br/merchant/v1.0/merchants
Content: 

Request ID: ListMerchants_20260308103311
URL: https://merchant-api.ifood.com.br/merchant/v1.0/merchants
Status Code: 200
Content: [{"id":"9211a726-cdaa-43b6-b14a-1e892e830d58","name":"Teste - jonas-da-silva-azeve","corporateName":"Teste - jonas-da-silva-azeve"}]
============================
============================
Request ID: ListMerchants_20260308103749
URL: https://merchant-api.ifood.com.br/merchant/v1.0/merchants
Content: 

Request ID: ListMerchants_20260308103749
URL: https://merchant-api.ifood.com.br/merchant/v1.0/merchants
Status Code: 200
Content: [{"id":"9211a726-cdaa-43b6-b14a-1e892e830d58","name":"Teste - jonas-da-silva-azeve","corporateName":"Teste - jonas-da-silva-azeve"}]
============================
============================
Request ID: ItemV10PostItemIntegration_20260308103824
URL: https://merchant-api.ifood.com.br/item/v1.0/ingestion/EdtItemMerchantId?reset=false
Content: [{"barcode":"99999","name":"DIVERSOS","plu":"1","active":true,"details":{"categorization":{"department":"1","category":"edCategoria","subCategory":"1"},"brand":"1","volume":"1","unit":"1","imageUrl":"1","description":"","nearExpiration":false},"prices":{"price":1.0},"inventory":{"stock":1.0},"multiple":{"originalEan":"1","quantity":1},"channels":["ifood-app"]}]

Request ID: ItemV10PostItemIntegration_20260308103824
URL: https://merchant-api.ifood.com.br/item/v1.0/ingestion/EdtItemMerchantId?reset=false
Status Code: 404
Content: {"message":"no Route matched with those values"}
============================
============================
Request ID: ItemV10PostItemIntegration_20260308103853
URL: https://merchant-api.ifood.com.br/item/v1.0/ingestion/9211a726-cdaa-43b6-b14a-1e892e830d58?reset=false
Content: [{"barcode":"99999","name":"DIVERSOS","plu":"1","active":true,"details":{"categorization":{"department":"1","category":"edCategoria","subCategory":"1"},"brand":"1","volume":"1","unit":"1","imageUrl":"1","description":"","nearExpiration":false},"prices":{"price":1.0},"inventory":{"stock":1.0},"multiple":{"originalEan":"1","quantity":1},"channels":["ifood-app"]}]

Request ID: ItemV10PostItemIntegration_20260308103853
URL: https://merchant-api.ifood.com.br/item/v1.0/ingestion/9211a726-cdaa-43b6-b14a-1e892e830d58?reset=false
Status Code: 202
Content: [{"integrationUuid":["6eac2ed5-67fa-4867-8acb-d0fdeb44097e"]}]
============================
============================
Request ID: ListMerchants_20260308104714
URL: https://merchant-api.ifood.com.br/merchant/v1.0/merchants
Content: 

Request ID: ListMerchants_20260308104714
URL: https://merchant-api.ifood.com.br/merchant/v1.0/merchants
Status Code: 200
Content: [{"id":"9211a726-cdaa-43b6-b14a-1e892e830d58","name":"Teste - jonas-da-silva-azeve","corporateName":"Teste - jonas-da-silva-azeve"}]
============================
============================
Request ID: ListMerchants_20260308105125
URL: https://merchant-api.ifood.com.br/merchant/v1.0/merchants
Content: 

Request ID: ListMerchants_20260308105125
URL: https://merchant-api.ifood.com.br/merchant/v1.0/merchants
Status Code: 200
Content: [{"id":"9211a726-cdaa-43b6-b14a-1e892e830d58","name":"Teste - jonas-da-silva-azeve","corporateName":"Teste - jonas-da-silva-azeve"}]
============================
============================
Request ID: ListMerchants_20260308111419
URL: https://merchant-api.ifood.com.br/merchant/v1.0/merchants
Content: 

Request ID: ListMerchants_20260308111419
URL: https://merchant-api.ifood.com.br/merchant/v1.0/merchants
Status Code: 200
Content: [{"id":"9211a726-cdaa-43b6-b14a-1e892e830d58","name":"Teste - jonas-da-silva-azeve","corporateName":"Teste - jonas-da-silva-azeve"}]
============================
============================
Request ID: ListMerchants_20260308111420
URL: https://merchant-api.ifood.com.br/merchant/v1.0/merchants
Content: 

Request ID: ListMerchants_20260308111420
URL: https://merchant-api.ifood.com.br/merchant/v1.0/merchants
Status Code: 200
Content: [{"id":"9211a726-cdaa-43b6-b14a-1e892e830d58","name":"Teste - jonas-da-silva-azeve","corporateName":"Teste - jonas-da-silva-azeve"}]
============================
============================
Request ID: ItemV10PostItemIntegration_20260308111444
URL: https://merchant-api.ifood.com.br/item/v1.0/ingestion/9211a726-cdaa-43b6-b14a-1e892e830d58?reset=false
Content: [{"barcode":"99999","name":"DIVERSOS","plu":"1","active":true,"details":{"categorization":{"department":"1","category":"edCategoria","subCategory":"1"},"brand":"1","volume":"1","unit":"1","imageUrl":"1","description":"","nearExpiration":false},"prices":{"price":1.0},"inventory":{"stock":1.0},"multiple":{"originalEan":"1","quantity":1},"channels":["ifood-app"]}]

Request ID: ItemV10PostItemIntegration_20260308111444
URL: https://merchant-api.ifood.com.br/item/v1.0/ingestion/9211a726-cdaa-43b6-b14a-1e892e830d58?reset=false
Status Code: 202
Content: [{"integrationUuid":["c4d43b5a-7a61-4f2f-8cf6-cfb1ac9570c8"]}]
============================
============================
Request ID: ListMerchants_20260308111943
URL: https://merchant-api.ifood.com.br/merchant/v1.0/merchants
Content: 

Request ID: ListMerchants_20260308111943
URL: https://merchant-api.ifood.com.br/merchant/v1.0/merchants
Status Code: 200
Content: [{"id":"9211a726-cdaa-43b6-b14a-1e892e830d58","name":"Teste - jonas-da-silva-azeve","corporateName":"Teste - jonas-da-silva-azeve"}]
============================
============================
Request ID: ListMerchants_20260308111944
URL: https://merchant-api.ifood.com.br/merchant/v1.0/merchants
Content: 

Request ID: ListMerchants_20260308111944
URL: https://merchant-api.ifood.com.br/merchant/v1.0/merchants
Status Code: 200
Content: [{"id":"9211a726-cdaa-43b6-b14a-1e892e830d58","name":"Teste - jonas-da-silva-azeve","corporateName":"Teste - jonas-da-silva-azeve"}]
============================
============================
Request ID: ListMerchants_20260308112232
URL: https://merchant-api.ifood.com.br/merchant/v1.0/merchants
Content: 

Request ID: ListMerchants_20260308112232
URL: https://merchant-api.ifood.com.br/merchant/v1.0/merchants
Status Code: 200
Content: [{"id":"9211a726-cdaa-43b6-b14a-1e892e830d58","name":"Teste - jonas-da-silva-azeve","corporateName":"Teste - jonas-da-silva-azeve"}]
============================
============================
Request ID: ListMerchants_20260308112233
URL: https://merchant-api.ifood.com.br/merchant/v1.0/merchants
Content: 

Request ID: ListMerchants_20260308112233
URL: https://merchant-api.ifood.com.br/merchant/v1.0/merchants
Status Code: 200
Content: [{"id":"9211a726-cdaa-43b6-b14a-1e892e830d58","name":"Teste - jonas-da-silva-azeve","corporateName":"Teste - jonas-da-silva-azeve"}]
============================
============================
Request ID: ListMerchants_20260308132603
URL: https://merchant-api.ifood.com.br/merchant/v1.0/merchants
Content: 

Request ID: ListMerchants_20260308132603
URL: https://merchant-api.ifood.com.br/merchant/v1.0/merchants
Status Code: 200
Content: [{"id":"9211a726-cdaa-43b6-b14a-1e892e830d58","name":"Teste - jonas-da-silva-azeve","corporateName":"Teste - jonas-da-silva-azeve"}]
============================
============================
Request ID: ListMerchants_20260308132603
URL: https://merchant-api.ifood.com.br/merchant/v1.0/merchants
Content: 

Request ID: ListMerchants_20260308132603
URL: https://merchant-api.ifood.com.br/merchant/v1.0/merchants
Status Code: 200
Content: [{"id":"9211a726-cdaa-43b6-b14a-1e892e830d58","name":"Teste - jonas-da-silva-azeve","corporateName":"Teste - jonas-da-silva-azeve"}]
============================
============================
Request ID: ListMerchants_20260308140652
URL: https://merchant-api.ifood.com.br/merchant/v1.0/merchants
Content: 

Request ID: ListMerchants_20260308140652
URL: https://merchant-api.ifood.com.br/merchant/v1.0/merchants
Status Code: 200
Content: [{"id":"9211a726-cdaa-43b6-b14a-1e892e830d58","name":"Teste - jonas-da-silva-azeve","corporateName":"Teste - jonas-da-silva-azeve"}]
============================
============================
Request ID: ListMerchants_20260308144246
URL: https://merchant-api.ifood.com.br/merchant/v1.0/merchants
Content: 
============================
Request ID: ListMerchants_20260308144436
URL: https://merchant-api.ifood.com.br/merchant/v1.0/merchants
Content: 
============================
Request ID: ListMerchants_20260308151153
URL: https://merchant-api.ifood.com.br/merchant/v1.0/merchants
Content: 
============================
Request ID: ListMerchants_20260308152336
URL: https://merchant-api.ifood.com.br/merchant/v1.0/merchants
Content: 
============================
Request ID: ListMerchants_20260308152919
URL: https://merchant-api.ifood.com.br/merchant/v1.0/merchants
Content: 
============================
Request ID: ListMerchants_20260308153105
URL: https://merchant-api.ifood.com.br/merchant/v1.0/merchants
Content: 
============================
Request ID: ListMerchants_20260308153249
URL: https://merchant-api.ifood.com.br/merchant/v1.0/merchants
Content: 
